<?xml version="1.0" encoding="UTF-8"?>
<!-- Generated by org.testng.reporters.JUnitReportReporter -->
<testsuite hostname="GURLPG02P17R" failures="0" tests="2" name="testNG.Day1" time="0.003" errors="0" timestamp="2024-06-22T17:14:28 IST" skipped="0">
  <testcase classname="testNG.Day1" name="m2" time="0.002"/>
  <testcase classname="testNG.Day1" name="m1" time="0.001"/>
</testsuite> <!-- testNG.Day1 -->
