<?xml version="1.0" encoding="UTF-8"?>
<!-- Generated by org.testng.reporters.JUnitReportReporter -->
<testsuite hostname="GURLPG02P17R" failures="0" tests="1" name="testNG.Day3" time="0.005" errors="0" timestamp="2024-06-22T17:14:28 IST" skipped="0">
  <testcase classname="testNG.Day3" name="m4carloan" time="0.005"/>
</testsuite> <!-- testNG.Day3 -->
