<?xml version="1.0" encoding="UTF-8"?>
<!-- Generated by org.testng.reporters.JUnitReportReporter -->
<testsuite hostname="GURLPG02P17R" failures="0" tests="3" name="testNG.TestNGAnnotations" time="0.012" errors="0" timestamp="2024-06-22T17:14:28 IST" skipped="0">
  <testcase classname="testNG.TestNGAnnotations" name="m7" time="0.002"/>
  <testcase classname="testNG.TestNGAnnotations" name="login" time="0.008"/>
  <testcase classname="testNG.TestNGAnnotations" name="m6" time="0.002"/>
</testsuite> <!-- testNG.TestNGAnnotations -->
